{"uuid":"69277545-8101-42f0-a657-54dd1283a2b3","historyId":"f22af94c013d80fe1e0d5f60b0ec1a06","fullName":"io.cucumber.testng.AbstractTestNGCucumberTests.runScenario","labels":[{"name":"package","value":"runner.CucumberRunnerTest"},{"name":"testClass","value":"runner.CucumberRunnerTest"},{"name":"testMethod","value":"runScenario"},{"name":"parentSuite","value":"Suite1"},{"name":"suite","value":"Test Result"},{"name":"subSuite","value":"runner.CucumberRunnerTest"},{"name":"host","value":"Mac"},{"name":"thread","value":"85232@Mac.main(1)"},{"name":"framework","value":"testng"},{"name":"language","value":"java"}],"links":[],"name":"Runs Cucumber Scenarios","status":"failed","statusDetails":{"known":false,"muted":false,"flaky":false,"message":"Element not visible: //*[contains(text(),'QA Playground')]","trace":"java.lang.AssertionError: Element not visible: //*[contains(text(),'QA Playground')]\n\tat utilze.selenium.waitForElementVisibility(selenium.java:37)\n\tat pages.FormPages.UserIsOnOverViewPage(FormPages.java:20)\n\tat steps.FormSteps.userShouldBeOnTheLoginPage(FormSteps.java:27)\n\tat âœ½.user should be on the login page(file:///Users/chinthalarohithkumar/Desktop/fixes/selenium/src/test/resources/features/Form.feature:15)\nCaused by: org.openqa.selenium.TimeoutException: Expected condition failed: waiting for visibility of element located by By.xpath: //*[contains(text(),'QA Playground')] (tried for 5 second(s) with 500 milliseconds interval)\nBuild info: version: '4.38.0', revision: '6b412e825c*'\nSystem info: os.name: 'Mac OS X', os.arch: 'aarch64', os.version: '26.0.1', java.version: '17.0.15'\nDriver info: org.openqa.selenium.chrome.ChromeDriver\nCapabilities {acceptInsecureCerts: false, browserName: chrome, browserVersion: 142.0.7444.176, chrome: {chromedriverVersion: 142.0.7444.175 (302067f14a4..., userDataDir: /var/folders/g8/0xwzbp6x6mg...}, fedcm:accounts: true, goog:chromeOptions: {debuggerAddress: localhost:58115}, goog:processID: 85245, networkConnectionEnabled: false, pageLoadStrategy: normal, platformName: mac, proxy: Proxy(), se:cdp: ws://localhost:58115/devtoo..., se:cdpVersion: 142.0.7444.176, setWindowRect: true, strictFileInteractability: false, timeouts: {implicit: 0, pageLoad: 300000, script: 30000}, unhandledPromptBehavior: dismiss and notify, webauthn:extension:credBlob: true, webauthn:extension:largeBlob: true, webauthn:extension:minPinLength: true, webauthn:extension:prf: true, webauthn:virtualAuthenticators: true}\nSession ID: f52cec5c5d430a08a6d5c158f56db939\n\tat org.openqa.selenium.support.ui.WebDriverWait.timeoutException(WebDriverWait.java:84)\n\tat org.openqa.selenium.support.ui.FluentWait.until(FluentWait.java:228)\n\tat utilze.selenium.waitForElementVisibility(selenium.java:34)\n\t... 3 more\n"},"stage":"finished","steps":[],"attachments":[],"parameters":[{"name":"arg1","value":"\"From Page - To Test Form related thing's\""},{"name":"arg0","value":"\"To Test Login\""}],"start":1764225494768,"stop":1764225513381}