{"uuid":"6fdc76d7-3854-4826-9701-58a735bbadc4","historyId":"49b354dc6c44ae56dff76c63e239d5d2","testCaseId":"460a9e699163ad3fc12b4cb86e004ca5","fullName":"src/test/resources/features/Elements/Buttons.feature:21","labels":[{"name":"tag","value":"ElementsPage"},{"name":"tag","value":"Alerts"},{"name":"host","value":"Mac"},{"name":"thread","value":"23051@Mac.main(1)"},{"name":"feature","value":"Elements Page - Buttons and Alerts"},{"name":"story","value":"Verify Alerts functionality"},{"name":"suite","value":"Elements Page - Buttons and Alerts"},{"name":"testClass","value":"Verify Alerts functionality"},{"name":"framework","value":"cucumber4jvm"},{"name":"language","value":"java"},{"name":"gherkin_uri","value":"file:///Users/chinthalarohithkumar/Desktop/fixes/selenium/src/test/resources/features/Elements/Buttons.feature"},{"name":"package","value":"src.test.resources.features.Elements.Buttons_feature.Elements Page - Buttons and Alerts"}],"links":[],"name":"Verify Alerts functionality","status":"failed","statusDetails":{"known":false,"muted":false,"flaky":false,"message":"Expected URL to contain 'elements' but was: https://alphatestingplayground.vercel.app/","trace":"java.lang.AssertionError: Expected URL to contain 'elements' but was: https://alphatestingplayground.vercel.app/\n\tat org.junit.Assert.fail(Assert.java:89)\n\tat org.junit.Assert.assertTrue(Assert.java:42)\n\tat pages.Elements.ButtonsPage.verifyOnElementsPage(ButtonsPage.java:47)\n\tat steps.Elements.ButtonsSteps.userShouldBeOnTheElementsPage(ButtonsSteps.java:18)\n\tat ✽.user should be on the Elements page(file:///Users/chinthalarohithkumar/Desktop/fixes/selenium/src/test/resources/features/Elements/Buttons.feature:11)\n"},"stage":"finished","steps":[{"name":"Given user should be on the HomePage","status":"passed","statusDetails":{"known":false,"muted":false,"flaky":false},"stage":"finished","steps":[],"attachments":[],"parameters":[],"start":1764292542890,"stop":1764292542908},{"name":"When user enter the \"valid\" Email in the Email Address field","status":"passed","statusDetails":{"known":false,"muted":false,"flaky":false},"stage":"finished","steps":[],"attachments":[],"parameters":[],"start":1764292542910,"stop":1764292543041},{"name":"And user enter the \"valid\" password in the password field","status":"passed","statusDetails":{"known":false,"muted":false,"flaky":false},"stage":"finished","steps":[],"attachments":[],"parameters":[],"start":1764292543043,"stop":1764292543074},{"name":"And click on the login button","status":"passed","statusDetails":{"known":false,"muted":false,"flaky":false},"stage":"finished","steps":[],"attachments":[],"parameters":[],"start":1764292543074,"stop":1764292543116},{"name":"Then user should land on the overview page","status":"passed","statusDetails":{"known":false,"muted":false,"flaky":false},"stage":"finished","steps":[],"attachments":[],"parameters":[],"start":1764292543116,"stop":1764292545713},{"name":"When user clicks on the \"Elements\" link in the sidebar","status":"passed","statusDetails":{"known":false,"muted":false,"flaky":false},"stage":"finished","steps":[],"attachments":[],"parameters":[],"start":1764292545714,"stop":1764292545787},{"name":"Then user should be on the Elements page","status":"failed","statusDetails":{"known":false,"muted":false,"flaky":false,"message":"Expected URL to contain 'elements' but was: https://alphatestingplayground.vercel.app/","trace":"java.lang.AssertionError: Expected URL to contain 'elements' but was: https://alphatestingplayground.vercel.app/\n\tat org.junit.Assert.fail(Assert.java:89)\n\tat org.junit.Assert.assertTrue(Assert.java:42)\n\tat pages.Elements.ButtonsPage.verifyOnElementsPage(ButtonsPage.java:47)\n\tat steps.Elements.ButtonsSteps.userShouldBeOnTheElementsPage(ButtonsSteps.java:18)\n\tat ✽.user should be on the Elements page(file:///Users/chinthalarohithkumar/Desktop/fixes/selenium/src/test/resources/features/Elements/Buttons.feature:11)\n"},"stage":"finished","steps":[],"attachments":[],"parameters":[],"start":1764292545788,"stop":1764292545793},{"name":"When user clicks on the \"Show Alert\" button","status":"skipped","statusDetails":{"known":false,"muted":false,"flaky":false},"stage":"finished","steps":[],"attachments":[],"parameters":[],"start":1764292545793,"stop":1764292545794},{"name":"Then an alert should appear with text \"This is an alert!\"","status":"skipped","statusDetails":{"known":false,"muted":false,"flaky":false},"stage":"finished","steps":[],"attachments":[],"parameters":[],"start":1764292545794,"stop":1764292545794}],"attachments":[],"parameters":[],"start":1764292541371,"stop":1764292545878}