{"uuid":"a824b20c-ee5f-4216-9b61-18561220e757","historyId":"49b354dc6c44ae56dff76c63e239d5d2","testCaseId":"460a9e699163ad3fc12b4cb86e004ca5","fullName":"src/test/resources/features/Elements/Buttons.feature:21","labels":[{"name":"tag","value":"ElementsPage"},{"name":"tag","value":"Alerts"},{"name":"host","value":"Mac"},{"name":"thread","value":"23490@Mac.main(1)"},{"name":"feature","value":"Elements Page - Buttons and Alerts"},{"name":"story","value":"Verify Alerts functionality"},{"name":"suite","value":"Elements Page - Buttons and Alerts"},{"name":"testClass","value":"Verify Alerts functionality"},{"name":"framework","value":"cucumber4jvm"},{"name":"language","value":"java"},{"name":"gherkin_uri","value":"file:///Users/chinthalarohithkumar/Desktop/fixes/selenium/src/test/resources/features/Elements/Buttons.feature"},{"name":"package","value":"src.test.resources.features.Elements.Buttons_feature.Elements Page - Buttons and Alerts"}],"links":[],"name":"Verify Alerts functionality","status":"failed","statusDetails":{"known":false,"muted":false,"flaky":false,"message":"Expected URL to contain 'elements' but was: https://alphatestingplayground.vercel.app/","trace":"java.lang.AssertionError: Expected URL to contain 'elements' but was: https://alphatestingplayground.vercel.app/\n\tat org.junit.Assert.fail(Assert.java:89)\n\tat org.junit.Assert.assertTrue(Assert.java:42)\n\tat pages.Elements.ButtonsPage.verifyOnElementsPage(ButtonsPage.java:52)\n\tat steps.Elements.ButtonsSteps.userShouldBeOnTheElementsPage(ButtonsSteps.java:18)\n\tat ✽.user should be on the Elements page(file:///Users/chinthalarohithkumar/Desktop/fixes/selenium/src/test/resources/features/Elements/Buttons.feature:11)\n"},"stage":"finished","steps":[{"name":"Given user should be on the HomePage","status":"passed","statusDetails":{"known":false,"muted":false,"flaky":false},"stage":"finished","steps":[],"attachments":[],"parameters":[],"start":1764292590235,"stop":1764292591095},{"name":"When user enter the \"valid\" Email in the Email Address field","status":"passed","statusDetails":{"known":false,"muted":false,"flaky":false},"stage":"finished","steps":[],"attachments":[],"parameters":[],"start":1764292591097,"stop":1764292591243},{"name":"And user enter the \"valid\" password in the password field","status":"passed","statusDetails":{"known":false,"muted":false,"flaky":false},"stage":"finished","steps":[],"attachments":[],"parameters":[],"start":1764292591245,"stop":1764292591277},{"name":"And click on the login button","status":"passed","statusDetails":{"known":false,"muted":false,"flaky":false},"stage":"finished","steps":[],"attachments":[],"parameters":[],"start":1764292591278,"stop":1764292591328},{"name":"Then user should land on the overview page","status":"passed","statusDetails":{"known":false,"muted":false,"flaky":false},"stage":"finished","steps":[],"attachments":[],"parameters":[],"start":1764292591328,"stop":1764292593963},{"name":"When user clicks on the \"Elements\" link in the sidebar","status":"passed","statusDetails":{"known":false,"muted":false,"flaky":false},"stage":"finished","steps":[],"attachments":[],"parameters":[],"start":1764292593965,"stop":1764292599156},{"name":"Then user should be on the Elements page","status":"failed","statusDetails":{"known":false,"muted":false,"flaky":false,"message":"Expected URL to contain 'elements' but was: https://alphatestingplayground.vercel.app/","trace":"java.lang.AssertionError: Expected URL to contain 'elements' but was: https://alphatestingplayground.vercel.app/\n\tat org.junit.Assert.fail(Assert.java:89)\n\tat org.junit.Assert.assertTrue(Assert.java:42)\n\tat pages.Elements.ButtonsPage.verifyOnElementsPage(ButtonsPage.java:52)\n\tat steps.Elements.ButtonsSteps.userShouldBeOnTheElementsPage(ButtonsSteps.java:18)\n\tat ✽.user should be on the Elements page(file:///Users/chinthalarohithkumar/Desktop/fixes/selenium/src/test/resources/features/Elements/Buttons.feature:11)\n"},"stage":"finished","steps":[],"attachments":[],"parameters":[],"start":1764292599167,"stop":1764292599181},{"name":"When user clicks on the \"Show Alert\" button","status":"skipped","statusDetails":{"known":false,"muted":false,"flaky":false},"stage":"finished","steps":[],"attachments":[],"parameters":[],"start":1764292599186,"stop":1764292599186},{"name":"Then an alert should appear with text \"This is an alert!\"","status":"skipped","statusDetails":{"known":false,"muted":false,"flaky":false},"stage":"finished","steps":[],"attachments":[],"parameters":[],"start":1764292599186,"stop":1764292599187}],"attachments":[],"parameters":[],"start":1764292587849,"stop":1764292599371}