{"uuid":"c767eff4-b0a7-4998-ba80-45c81958b18e","historyId":"206442cf8bfe1c075679d9838f1c9866","fullName":"io.cucumber.testng.AbstractTestNGCucumberTests.runScenario","labels":[{"name":"package","value":"runner.CucumberRunnerTest"},{"name":"testClass","value":"runner.CucumberRunnerTest"},{"name":"testMethod","value":"runScenario"},{"name":"parentSuite","value":"Suite1"},{"name":"suite","value":"Test Result"},{"name":"subSuite","value":"runner.CucumberRunnerTest"},{"name":"host","value":"Mac"},{"name":"thread","value":"63204@Mac.main(1)"},{"name":"framework","value":"testng"},{"name":"language","value":"java"}],"links":[],"name":"Runs Cucumber Scenarios","status":"failed","statusDetails":{"known":false,"muted":false,"flaky":false,"message":"java.lang.AssertionError","trace":"java.lang.AssertionError\n\tat org.junit.Assert.fail(Assert.java:87)\n\tat org.junit.Assert.assertTrue(Assert.java:42)\n\tat org.junit.Assert.assertTrue(Assert.java:53)\n\tat pages.HomePage.Login.validateErrorMessage(Login.java:69)\n\tat steps.Login.LoginSteps.userShouldSeeTheErrorMessage(LoginSteps.java:40)\n\tat âœ½.user should see the error message \"Password is required\"(file:///Users/chinthalarohithkumar/Desktop/fixes/selenium/src/test/resources/features/HomePage/Login.feature:29)\n"},"stage":"finished","steps":[],"attachments":[],"parameters":[{"name":"arg1","value":"\"From Page - To Test Login\""},{"name":"arg0","value":"\"To Test Login with valid cred's\""}],"start":1764243363862,"stop":1764243374810}