<?xml version="1.0" encoding="UTF-8"?>
<!-- Generated by org.testng.reporters.JUnitXMLReporter -->
<testsuite ignored="0" hostname="Mac" failures="2" tests="2" name="Cucumber Tests" time="25.115" errors="0" timestamp="2025-11-28T06:46:40 IST">
  <testcase classname="io.cucumber.testng.AbstractTestNGCucumberTests" name="runScenario" time="11.764">
    <failure type="java.lang.AssertionError" message="Expected URL to contain &amp;apos;elements&amp;apos; but was: https://alphatestingplayground.vercel.app/">
      <![CDATA[java.lang.AssertionError: Expected URL to contain 'elements' but was: https://alphatestingplayground.vercel.app/
at org.junit.Assert.fail(Assert.java:89)
at org.junit.Assert.assertTrue(Assert.java:42)
at pages.Elements.ButtonsPage.verifyOnElementsPage(ButtonsPage.java:52)
at steps.Elements.ButtonsSteps.userShouldBeOnTheElementsPage(ButtonsSteps.java:18)
at ✽.user should be on the Elements page(file:///Users/chinthalarohithkumar/Desktop/fixes/selenium/src/test/resources/features/Elements/Buttons.feature:11)
]]>
    </failure>
  </testcase> <!-- runScenario -->
  <testcase classname="io.cucumber.testng.AbstractTestNGCucumberTests" name="runScenario" time="11.533">
    <failure type="java.lang.AssertionError" message="Expected URL to contain &amp;apos;elements&amp;apos; but was: https://alphatestingplayground.vercel.app/">
      <![CDATA[java.lang.AssertionError: Expected URL to contain 'elements' but was: https://alphatestingplayground.vercel.app/
at org.junit.Assert.fail(Assert.java:89)
at org.junit.Assert.assertTrue(Assert.java:42)
at pages.Elements.ButtonsPage.verifyOnElementsPage(ButtonsPage.java:52)
at steps.Elements.ButtonsSteps.userShouldBeOnTheElementsPage(ButtonsSteps.java:18)
at ✽.user should be on the Elements page(file:///Users/chinthalarohithkumar/Desktop/fixes/selenium/src/test/resources/features/Elements/Buttons.feature:11)
]]>
    </failure>
  </testcase> <!-- runScenario -->
</testsuite> <!-- Cucumber Tests -->
