<html>
<head>
<title>TestNG:  Cucumber Tests</title>
<link href="../testng.css" rel="stylesheet" type="text/css" />
<link href="../my-testng.css" rel="stylesheet" type="text/css" />

<style type="text/css">
.log { display: none;} 
.stack-trace { display: none;} 
</style>
<script type="text/javascript">
<!--
function flip(e) {
  current = e.style.display;
  if (current == 'block') {
    e.style.display = 'none';
    return 0;
  }
  else {
    e.style.display = 'block';
    return 1;
  }
}

function toggleBox(szDivId, elem, msg1, msg2)
{
  var res = -1;  if (document.getElementById) {
    res = flip(document.getElementById(szDivId));
  }
  else if (document.all) {
    // this is the way old msie versions work
    res = flip(document.all[szDivId]);
  }
  if(elem) {
    if(res == 0) elem.innerHTML = msg1; else elem.innerHTML = msg2;
  }

}

function toggleAllBoxes() {
  if (document.getElementsByTagName) {
    d = document.getElementsByTagName('div');
    for (i = 0; i < d.length; i++) {
      if (d[i].className == 'log') {
        flip(d[i]);
      }
    }
  }
}

// -->
</script>

</head>
<body>
<h2 align='center'>Cucumber Tests</h2><table border='1' align="center">
<tr>
<td>Tests passed/Failed/Skipped:</td><td>0/2/0</td>
</tr><tr>
<td>Started on:</td><td>Fri Nov 28 06:46:15 IST 2025</td>
</tr>
<tr><td>Total time:</td><td>25 seconds (25115 ms)</td>
</tr><tr>
<td>Included groups:</td><td></td>
</tr><tr>
<td>Excluded groups:</td><td></td>
</tr>
</table><p/>
<small><i>(Hover the method name to see the test class name)</i></small><p/>
<table width='100%' border='1' class='invocation-failed'>
<tr><td colspan='4' align='center'><b>FAILED TESTS</b></td></tr>
<tr><td><b>Test method</b></td>
<td><b>Attribute(s)</b></td>
<td width="30%"><b>Exception</b></td>
<td width="10%"><b>Time (seconds)</b></td>
<td><b>Instance</b></td>
</tr>
<tr>
<td title='runner.CucumberRunnerTest.runScenario()'><b>runScenario</b><br>Test class: runner.CucumberRunnerTest<br>Test method: Runs Cucumber Scenarios<br>Parameters: "Verify Alerts functionality", "Elements Page - Buttons and Alerts"</td>
<td><div><pre>java.lang.AssertionError: Expected URL to contain &apos;elements&apos; but was: https://alphatestingplayground.vercel.app/
	at org.junit.Assert.fail(Assert.java:89)
	at org.junit.Assert.assertTrue(Assert.java:42)
	at pages.Elements.ButtonsPage.verifyOnElementsPage(ButtonsPage.java:52)
	at steps.Elements.ButtonsSteps.userShouldBeOnTheElementsPage(ButtonsSteps.java:18)
	at ✽.user should be on the Elements page(file:///Users/chinthalarohithkumar/Desktop/fixes/selenium/src/test/resources/features/Elements/Buttons.feature:11)
</pre></div><a href='#' onClick='toggleBox("stack-trace838205369", this, "Click to show all stack frames", "Click to hide stack frames")'>Click to show all stack frames</a>
<div class='stack-trace' id='stack-trace838205369'><pre>java.lang.AssertionError: Expected URL to contain &apos;elements&apos; but was: https://alphatestingplayground.vercel.app/
	at org.junit.Assert.fail(Assert.java:89)
	at org.junit.Assert.assertTrue(Assert.java:42)
	at pages.Elements.ButtonsPage.verifyOnElementsPage(ButtonsPage.java:52)
	at steps.Elements.ButtonsSteps.userShouldBeOnTheElementsPage(ButtonsSteps.java:18)
	at ✽.user should be on the Elements page(file:///Users/chinthalarohithkumar/Desktop/fixes/selenium/src/test/resources/features/Elements/Buttons.feature:11)
</pre></div></td>
<td>11</td>
<td>runner.CucumberRunnerTest@79fd6f95</td></tr>
<tr>
<td title='runner.CucumberRunnerTest.runScenario()'><b>runScenario</b><br>Test class: runner.CucumberRunnerTest<br>Test method: Runs Cucumber Scenarios<br>Parameters: "Verify Buttons functionality", "Elements Page - Buttons and Alerts"</td>
<td><div><pre>java.lang.AssertionError: Expected URL to contain &apos;elements&apos; but was: https://alphatestingplayground.vercel.app/
	at org.junit.Assert.fail(Assert.java:89)
	at org.junit.Assert.assertTrue(Assert.java:42)
	at pages.Elements.ButtonsPage.verifyOnElementsPage(ButtonsPage.java:52)
	at steps.Elements.ButtonsSteps.userShouldBeOnTheElementsPage(ButtonsSteps.java:18)
	at ✽.user should be on the Elements page(file:///Users/chinthalarohithkumar/Desktop/fixes/selenium/src/test/resources/features/Elements/Buttons.feature:11)
</pre></div><a href='#' onClick='toggleBox("stack-trace780027008", this, "Click to show all stack frames", "Click to hide stack frames")'>Click to show all stack frames</a>
<div class='stack-trace' id='stack-trace780027008'><pre>java.lang.AssertionError: Expected URL to contain &apos;elements&apos; but was: https://alphatestingplayground.vercel.app/
	at org.junit.Assert.fail(Assert.java:89)
	at org.junit.Assert.assertTrue(Assert.java:42)
	at pages.Elements.ButtonsPage.verifyOnElementsPage(ButtonsPage.java:52)
	at steps.Elements.ButtonsSteps.userShouldBeOnTheElementsPage(ButtonsSteps.java:18)
	at ✽.user should be on the Elements page(file:///Users/chinthalarohithkumar/Desktop/fixes/selenium/src/test/resources/features/Elements/Buttons.feature:11)
</pre></div></td>
<td>11</td>
<td>runner.CucumberRunnerTest@79fd6f95</td></tr>
</table><p>
</body>
</html>