<?xml version="1.0" encoding="UTF-8"?>
<testng-results ignored="0" total="2" passed="0" failed="2" skipped="0">
  <reporter-output>
  </reporter-output>
  <suite started-at="2025-11-28T06:46:15 IST" name="Suite1" finished-at="2025-11-28T06:46:40 IST" duration-ms="25115">
    <groups>
      <group name="cucumber">
        <method signature="AbstractTestNGCucumberTests.runScenario(io.cucumber.testng.PickleWrapper,io.cucumber.testng.FeatureWrapper)[pri:0, instance:runner.CucumberRunnerTest@79fd6f95]" name="runScenario" class="io.cucumber.testng.AbstractTestNGCucumberTests"/>
      </group> <!-- cucumber -->
    </groups>
    <test started-at="2025-11-28T06:46:15 IST" name="Cucumber Tests" finished-at="2025-11-28T06:46:40 IST" duration-ms="25115">
      <class name="runner.CucumberRunnerTest">
        <test-method is-config="true" signature="setUpClass(org.testng.ITestContext)[pri:0, instance:runner.CucumberRunnerTest@79fd6f95]" started-at="2025-11-28T06:46:15 IST" name="setUpClass" finished-at="2025-11-28T06:46:16 IST" duration-ms="475" status="PASS">
          <params>
            <param index="0">
              <value>
                <![CDATA[org.testng.TestRunner@f13e0a2]]>
              </value>
            </param>
          </params>
          <reporter-output>
          </reporter-output>
        </test-method> <!-- setUpClass -->
        <test-method signature="runScenario(io.cucumber.testng.PickleWrapper,io.cucumber.testng.FeatureWrapper)[pri:0, instance:runner.CucumberRunnerTest@79fd6f95]" started-at="2025-11-28T06:46:16 IST" name="runScenario" description="Runs Cucumber Scenarios" data-provider="scenarios" finished-at="2025-11-28T06:46:27 IST" duration-ms="11764" status="FAIL">
          <params>
            <param index="0">
              <value>
                <![CDATA["Verify Buttons functionality"]]>
              </value>
            </param>
            <param index="1">
              <value>
                <![CDATA["Elements Page - Buttons and Alerts"]]>
              </value>
            </param>
          </params>
          <exception class="java.lang.AssertionError">
            <message>
              <![CDATA[Expected URL to contain 'elements' but was: https://alphatestingplayground.vercel.app/]]>
            </message>
            <full-stacktrace>
              <![CDATA[java.lang.AssertionError: Expected URL to contain 'elements' but was: https://alphatestingplayground.vercel.app/
at org.junit.Assert.fail(Assert.java:89)
at org.junit.Assert.assertTrue(Assert.java:42)
at pages.Elements.ButtonsPage.verifyOnElementsPage(ButtonsPage.java:52)
at steps.Elements.ButtonsSteps.userShouldBeOnTheElementsPage(ButtonsSteps.java:18)
at ✽.user should be on the Elements page(file:///Users/chinthalarohithkumar/Desktop/fixes/selenium/src/test/resources/features/Elements/Buttons.feature:11)
]]>
            </full-stacktrace>
          </exception> <!-- java.lang.AssertionError -->
          <reporter-output>
          </reporter-output>
        </test-method> <!-- runScenario -->
        <test-method signature="runScenario(io.cucumber.testng.PickleWrapper,io.cucumber.testng.FeatureWrapper)[pri:0, instance:runner.CucumberRunnerTest@79fd6f95]" started-at="2025-11-28T06:46:27 IST" name="runScenario" description="Runs Cucumber Scenarios" data-provider="scenarios" finished-at="2025-11-28T06:46:39 IST" duration-ms="11533" status="FAIL">
          <params>
            <param index="0">
              <value>
                <![CDATA["Verify Alerts functionality"]]>
              </value>
            </param>
            <param index="1">
              <value>
                <![CDATA["Elements Page - Buttons and Alerts"]]>
              </value>
            </param>
          </params>
          <exception class="java.lang.AssertionError">
            <message>
              <![CDATA[Expected URL to contain 'elements' but was: https://alphatestingplayground.vercel.app/]]>
            </message>
            <full-stacktrace>
              <![CDATA[java.lang.AssertionError: Expected URL to contain 'elements' but was: https://alphatestingplayground.vercel.app/
at org.junit.Assert.fail(Assert.java:89)
at org.junit.Assert.assertTrue(Assert.java:42)
at pages.Elements.ButtonsPage.verifyOnElementsPage(ButtonsPage.java:52)
at steps.Elements.ButtonsSteps.userShouldBeOnTheElementsPage(ButtonsSteps.java:18)
at ✽.user should be on the Elements page(file:///Users/chinthalarohithkumar/Desktop/fixes/selenium/src/test/resources/features/Elements/Buttons.feature:11)
]]>
            </full-stacktrace>
          </exception> <!-- java.lang.AssertionError -->
          <reporter-output>
          </reporter-output>
        </test-method> <!-- runScenario -->
        <test-method is-config="true" signature="tearDownClass()[pri:0, instance:runner.CucumberRunnerTest@79fd6f95]" started-at="2025-11-28T06:46:39 IST" name="tearDownClass" finished-at="2025-11-28T06:46:40 IST" duration-ms="1304" status="PASS">
          <reporter-output>
          </reporter-output>
        </test-method> <!-- tearDownClass -->
      </class> <!-- runner.CucumberRunnerTest -->
    </test> <!-- Cucumber Tests -->
  </suite> <!-- Suite1 -->
</testng-results>
