<?xml version="1.0" encoding="UTF-8"?>
<testsuite xmlns:xsi="http://www.w3.org/2001/XMLSchema-instance" xsi:noNamespaceSchemaLocation="https://maven.apache.org/surefire/maven-surefire-plugin/xsd/surefire-test-report-3.0.xsd" version="3.0" name="TestSuite" time="25.657" tests="2" errors="0" skipped="0" failures="2">
  <properties>
[...]
</properties>
  <testcase name="runScenario[&quot;Verify Buttons functionality&quot;, &quot;Elements Page - Buttons and Alerts&quot;](1)" classname="runner.CucumberRunnerTest" time="11.785">
    <failure message="Expected URL to contain &apos;elements&apos; but was: https://alphatestingplayground.vercel.app/" type="java.lang.AssertionError"><![CDATA[java.lang.AssertionError: Expected URL to contain 'elements' but was: https://alphatestingplayground.vercel.app/
	at org.junit.Assert.fail(Assert.java:89)
	at org.junit.Assert.assertTrue(Assert.java:42)
	at pages.Elements.ButtonsPage.verifyOnElementsPage(ButtonsPage.java:52)
	at steps.Elements.ButtonsSteps.userShouldBeOnTheElementsPage(ButtonsSteps.java:18)
	at ✽.user should be on the Elements page(file:///Users/chinthalarohithkumar/Desktop/fixes/selenium/src/test/resources/features/Elements/Buttons.feature:11)
]]></failure>
    <system-out><![CDATA[
@ElementsPage @Buttons
Scenario: Verify Buttons functionality                           # src/test/resources/features/Elements/Buttons.feature:14
  ✔ Given user should be on the HomePage                         # steps.Login.LoginSteps.userShouldBeOnTheHomePage()
  ✔ When user enter the "valid" Email in the Email Address field # steps.Login.LoginSteps.userEnterTheEmailInTheEmailAddressField(java.lang.String)
  ✔ And user enter the "valid" password in the password field    # steps.Login.LoginSteps.userEnterThePasswordInThePasswordField(java.lang.String)
  ✔ And click on the login button                                # steps.Login.LoginSteps.clickOnTheLoginButton()
  ✔ Then user should land on the overview page                   # steps.Login.LoginSteps.userShouldLandOnTheOverviewPage()
Found element: button, Text: Elements
  ✔ When user clicks on the "Elements" link in the sidebar       # steps.Elements.ButtonsSteps.userClicksOnTheLinkInTheSidebar(java.lang.String)
Current URL: https://alphatestingplayground.vercel.app/
  ✘ Then user should be on the Elements page                     # steps.Elements.ButtonsSteps.userShouldBeOnTheElementsPage()
        java.lang.AssertionError: Expected URL to contain 'elements' but was: https://alphatestingplayground.vercel.app/
        	at org.junit.Assert.fail(Assert.java:89)
        	at org.junit.Assert.assertTrue(Assert.java:42)
        	at pages.Elements.ButtonsPage.verifyOnElementsPage(ButtonsPage.java:52)
        	at steps.Elements.ButtonsSteps.userShouldBeOnTheElementsPage(ButtonsSteps.java:18)
        	at ✽.user should be on the Elements page(file:///Users/chinthalarohithkumar/Desktop/fixes/selenium/src/test/resources/features/Elements/Buttons.feature:11)
  ↷ When user clicks on the "Primary" button                     # steps.Elements.ButtonsSteps.userClicksOnTheButton(java.lang.String)
  ↷ Then user should see a click confirmation                    # steps.Elements.ButtonsSteps.userShouldSeeAClickConfirmation()
  ↷ When user clicks on the "Secondary" button                   # steps.Elements.ButtonsSteps.userClicksOnTheButton(java.lang.String)
  ↷ Then user should see a click confirmation                    # steps.Elements.ButtonsSteps.userShouldSeeAClickConfirmation()
]]></system-out>
  </testcase>
  <testcase name="runScenario[&quot;Verify Alerts functionality&quot;, &quot;Elements Page - Buttons and Alerts&quot;](2)" classname="runner.CucumberRunnerTest" time="11.526">
    <failure message="Expected URL to contain &apos;elements&apos; but was: https://alphatestingplayground.vercel.app/" type="java.lang.AssertionError"><![CDATA[java.lang.AssertionError: Expected URL to contain 'elements' but was: https://alphatestingplayground.vercel.app/
	at org.junit.Assert.fail(Assert.java:89)
	at org.junit.Assert.assertTrue(Assert.java:42)
	at pages.Elements.ButtonsPage.verifyOnElementsPage(ButtonsPage.java:52)
	at steps.Elements.ButtonsSteps.userShouldBeOnTheElementsPage(ButtonsSteps.java:18)
	at ✽.user should be on the Elements page(file:///Users/chinthalarohithkumar/Desktop/fixes/selenium/src/test/resources/features/Elements/Buttons.feature:11)
]]></failure>
    <system-out><![CDATA[
@ElementsPage @Alerts
Scenario: Verify Alerts functionality                            # src/test/resources/features/Elements/Buttons.feature:21
  ✔ Given user should be on the HomePage                         # steps.Login.LoginSteps.userShouldBeOnTheHomePage()
  ✔ When user enter the "valid" Email in the Email Address field # steps.Login.LoginSteps.userEnterTheEmailInTheEmailAddressField(java.lang.String)
  ✔ And user enter the "valid" password in the password field    # steps.Login.LoginSteps.userEnterThePasswordInThePasswordField(java.lang.String)
  ✔ And click on the login button                                # steps.Login.LoginSteps.clickOnTheLoginButton()
  ✔ Then user should land on the overview page                   # steps.Login.LoginSteps.userShouldLandOnTheOverviewPage()
Found element: button, Text: Elements
  ✔ When user clicks on the "Elements" link in the sidebar       # steps.Elements.ButtonsSteps.userClicksOnTheLinkInTheSidebar(java.lang.String)
Current URL: https://alphatestingplayground.vercel.app/
  ✘ Then user should be on the Elements page                     # steps.Elements.ButtonsSteps.userShouldBeOnTheElementsPage()
        java.lang.AssertionError: Expected URL to contain 'elements' but was: https://alphatestingplayground.vercel.app/
        	at org.junit.Assert.fail(Assert.java:89)
        	at org.junit.Assert.assertTrue(Assert.java:42)
        	at pages.Elements.ButtonsPage.verifyOnElementsPage(ButtonsPage.java:52)
        	at steps.Elements.ButtonsSteps.userShouldBeOnTheElementsPage(ButtonsSteps.java:18)
        	at ✽.user should be on the Elements page(file:///Users/chinthalarohithkumar/Desktop/fixes/selenium/src/test/resources/features/Elements/Buttons.feature:11)
  ↷ When user clicks on the "Show Alert" button                  # steps.Elements.ButtonsSteps.userClicksOnTheButton(java.lang.String)
  ↷ Then an alert should appear with text "This is an alert!"    # steps.Elements.ButtonsSteps.anAlertShouldAppearWithText(java.lang.String)
]]></system-out>
  </testcase>
</testsuite>