<?xml version="1.0" encoding="UTF-8"?>
<testng-results ignored="0" total="2" passed="2" failed="0" skipped="0">
  <reporter-output>
  </reporter-output>
  <suite started-at="2025-12-03T13:00:27 IST" name="Suite1" finished-at="2025-12-03T13:00:44 IST" duration-ms="16870">
    <groups>
      <group name="cucumber">
        <method signature="AbstractTestNGCucumberTests.runScenario(io.cucumber.testng.PickleWrapper,io.cucumber.testng.FeatureWrapper)[pri:0, instance:runner.CucumberRunnerTest@2e179f3e]" name="runScenario" class="io.cucumber.testng.AbstractTestNGCucumberTests"/>
      </group> <!-- cucumber -->
    </groups>
    <test started-at="2025-12-03T13:00:27 IST" name="Cucumber Tests" finished-at="2025-12-03T13:00:44 IST" duration-ms="16870">
      <class name="runner.CucumberRunnerTest">
        <test-method is-config="true" signature="setUpClass(org.testng.ITestContext)[pri:0, instance:runner.CucumberRunnerTest@2e179f3e]" started-at="2025-12-03T13:00:27 IST" name="setUpClass" finished-at="2025-12-03T13:00:27 IST" duration-ms="399" status="PASS">
          <params>
            <param index="0">
              <value>
                <![CDATA[org.testng.TestRunner@5bccef9f]]>
              </value>
            </param>
          </params>
          <reporter-output>
          </reporter-output>
        </test-method> <!-- setUpClass -->
        <test-method signature="runScenario(io.cucumber.testng.PickleWrapper,io.cucumber.testng.FeatureWrapper)[pri:0, instance:runner.CucumberRunnerTest@2e179f3e]" started-at="2025-12-03T13:00:27 IST" name="runScenario" description="Runs Cucumber Scenarios" data-provider="scenarios" finished-at="2025-12-03T13:00:39 IST" duration-ms="11963" status="PASS">
          <params>
            <param index="0">
              <value>
                <![CDATA["To Test Login with valid cred's"]]>
              </value>
            </param>
            <param index="1">
              <value>
                <![CDATA["From Page - To Test Login"]]>
              </value>
            </param>
          </params>
          <reporter-output>
          </reporter-output>
        </test-method> <!-- runScenario -->
        <test-method signature="runScenario(io.cucumber.testng.PickleWrapper,io.cucumber.testng.FeatureWrapper)[pri:0, instance:runner.CucumberRunnerTest@2e179f3e]" started-at="2025-12-03T13:00:39 IST" name="runScenario" description="Runs Cucumber Scenarios" data-provider="scenarios" finished-at="2025-12-03T13:00:40 IST" duration-ms="1012" status="PASS">
          <params>
            <param index="0">
              <value>
                <![CDATA["To Test Login with valid cred's"]]>
              </value>
            </param>
            <param index="1">
              <value>
                <![CDATA["From Page - To Test Login"]]>
              </value>
            </param>
          </params>
          <reporter-output>
          </reporter-output>
        </test-method> <!-- runScenario -->
        <test-method is-config="true" signature="tearDownClass()[pri:0, instance:runner.CucumberRunnerTest@2e179f3e]" started-at="2025-12-03T13:00:40 IST" name="tearDownClass" finished-at="2025-12-03T13:00:44 IST" duration-ms="3476" status="PASS">
          <reporter-output>
          </reporter-output>
        </test-method> <!-- tearDownClass -->
      </class> <!-- runner.CucumberRunnerTest -->
    </test> <!-- Cucumber Tests -->
  </suite> <!-- Suite1 -->
</testng-results>
