<?xml version="1.0" encoding="UTF-8"?>
<testsuite xmlns:xsi="http://www.w3.org/2001/XMLSchema-instance" xsi:noNamespaceSchemaLocation="https://maven.apache.org/surefire/maven-surefire-plugin/xsd/surefire-test-report-3.0.xsd" version="3.0" name="TestSuite" time="17.37" tests="2" errors="0" skipped="0" failures="0">
  <properties>
[...]
</properties>
  <testcase name="runScenario[&quot;To Test Login with valid cred&apos;s&quot;, &quot;From Page - To Test Login&quot;](1)" classname="runner.CucumberRunnerTest" time="11.965">
    <system-out><![CDATA[
========================================================================================================================
TEST SUITE STARTED
========================================================================================================================
Environment: alpha | Browser: chrome | Headless: true | BaseUrl: https://alphatestingplayground.vercel.app/
========================================================================================================================


@admin @FormPage @LoginValidCases
Scenario Outline: To Test Login with valid cred's                # src/test/resources/features/HomePage/Login.feature:22

▶ Starting: To Test Login with valid cred's
  Tags: [@LoginValidCases]
  ✔ Given user should be on the HomePage                         # steps.Login.LoginSteps.userShouldBeOnTheHomePage()
  ✔ When user enter the "valid" Email in the Email Address field # steps.Login.LoginSteps.userEnterTheEmailInTheEmailAddressField(java.lang.String)
  ✔ And user enter the "valid" password in the password field    # steps.Login.LoginSteps.userEnterThePasswordInThePasswordField(java.lang.String)
  ✔ And click on the login button                                # steps.Login.LoginSteps.clickOnTheLoginButton()
  ✔ Then user should land on the overview page                   # steps.Login.LoginSteps.userShouldLandOnTheOverviewPage()
✓ PASSED: To Test Login with valid cred's (11s)
]]></system-out>
  </testcase>
  <testcase name="runScenario[&quot;To Test Login with valid cred&apos;s&quot;, &quot;From Page - To Test Login&quot;](2)" classname="runner.CucumberRunnerTest" time="1.01">
    <system-out><![CDATA[
@admin @FormPage @LoginInvalidCases
Scenario Outline: To Test Login with valid cred's                                                 # src/test/resources/features/HomePage/Login.feature:34

▶ Starting: To Test Login with valid cred's
  Tags: [@LoginInvalidCases]
  ✔ Given user should be on the HomePage                                                          # steps.Login.LoginSteps.userShouldBeOnTheHomePage()
  ✔ When user enter the "without at the rate" Email in the Email Address field                    # steps.Login.LoginSteps.userEnterTheEmailInTheEmailAddressField(java.lang.String)
  ✔ And user enter the "without at the rate" password in the password field                       # steps.Login.LoginSteps.userEnterThePasswordInThePasswordField(java.lang.String)
  ✔ And click on the login button                                                                 # steps.Login.LoginSteps.clickOnTheLoginButton()
  ✔ Then user should see the error message "Email must contain '@' symbol"                        # steps.Login.LoginSteps.userShouldSeeTheErrorMessage(java.lang.String)
  ✔ Then user should see the error message "Password must contain at least one special character" # steps.Login.LoginSteps.userShouldSeeTheErrorMessage(java.lang.String)
  ✔ And user should not land on the overview page                                                 # steps.Login.LoginSteps.userShouldNotLandOnTheOverviewPage()
✓ PASSED: To Test Login with valid cred's (0s)
]]></system-out>
  </testcase>
</testsuite>