<?xml version="1.0" encoding="UTF-8"?>
<!-- Generated by org.testng.reporters.JUnitReportReporter -->
<testsuite hostname="Mac" failures="2" tests="2" name="runner.CucumberRunnerTest" time="23.297" errors="0" timestamp="2025-11-28T06:46:40 IST" skipped="0">
  <testcase classname="runner.CucumberRunnerTest" name="runScenario" time="11.533">
    <failure message="Expected URL to contain &#039;elements&#039; but was: https://alphatestingplayground.vercel.app/" type="java.lang.AssertionError">
      <![CDATA[java.lang.AssertionError: Expected URL to contain 'elements' but was: https://alphatestingplayground.vercel.app/
at org.junit.Assert.fail(Assert.java:89)
at org.junit.Assert.assertTrue(Assert.java:42)
at pages.Elements.ButtonsPage.verifyOnElementsPage(ButtonsPage.java:52)
at steps.Elements.ButtonsSteps.userShouldBeOnTheElementsPage(ButtonsSteps.java:18)
at ✽.user should be on the Elements page(file:///Users/chinthalarohithkumar/Desktop/fixes/selenium/src/test/resources/features/Elements/Buttons.feature:11)
]]>
    </failure>
  </testcase> <!-- runScenario -->
  <testcase classname="runner.CucumberRunnerTest" name="runScenario" time="11.764">
    <failure message="Expected URL to contain &#039;elements&#039; but was: https://alphatestingplayground.vercel.app/" type="java.lang.AssertionError">
      <![CDATA[java.lang.AssertionError: Expected URL to contain 'elements' but was: https://alphatestingplayground.vercel.app/
at org.junit.Assert.fail(Assert.java:89)
at org.junit.Assert.assertTrue(Assert.java:42)
at pages.Elements.ButtonsPage.verifyOnElementsPage(ButtonsPage.java:52)
at steps.Elements.ButtonsSteps.userShouldBeOnTheElementsPage(ButtonsSteps.java:18)
at ✽.user should be on the Elements page(file:///Users/chinthalarohithkumar/Desktop/fixes/selenium/src/test/resources/features/Elements/Buttons.feature:11)
]]>
    </failure>
  </testcase> <!-- runScenario -->
</testsuite> <!-- runner.CucumberRunnerTest -->
