{"uid":"4d35f79b3126bf62","name":"Runs Cucumber Scenarios","fullName":"io.cucumber.testng.AbstractTestNGCucumberTests.runScenario","historyId":"206442cf8bfe1c075679d9838f1c9866","time":{"start":1764245875975,"stop":1764245882552,"duration":6577},"status":"failed","statusMessage":"java.lang.AssertionError","statusTrace":"java.lang.AssertionError\n\tat org.junit.Assert.fail(Assert.java:87)\n\tat org.junit.Assert.assertTrue(Assert.java:42)\n\tat org.junit.Assert.assertTrue(Assert.java:53)\n\tat pages.HomePage.Login.validateErrorMessage(Login.java:74)\n\tat steps.Login.LoginSteps.userShouldSeeTheErrorMessage(LoginSteps.java:40)\n\tat âœ½.user should see the error message \"null\"(file:///Users/chinthalarohithkumar/Desktop/fixes/selenium/src/test/resources/features/HomePage/Login.feature:29)\n","flaky":false,"newFailed":false,"newBroken":false,"newPassed":false,"retriesCount":0,"retriesStatusChange":false,"beforeStages":[{"name":"setUpClass","time":{"start":1764245847712,"stop":1764245847917,"duration":205},"description":"","status":"passed","steps":[],"attachments":[],"parameters":[],"stepsCount":0,"hasContent":false,"attachmentStep":false,"shouldDisplayMessage":false,"attachmentsCount":0}],"afterStages":[{"name":"tearDownClass","time":{"start":1764245910925,"stop":1764245912328,"duration":1403},"description":"","status":"passed","steps":[],"attachments":[],"parameters":[],"stepsCount":0,"hasContent":false,"attachmentStep":false,"shouldDisplayMessage":false,"attachmentsCount":0}],"labels":[{"name":"package","value":"runner.CucumberRunnerTest"},{"name":"testClass","value":"runner.CucumberRunnerTest"},{"name":"testMethod","value":"runScenario"},{"name":"parentSuite","value":"Suite1"},{"name":"suite","value":"Test Result"},{"name":"subSuite","value":"runner.CucumberRunnerTest"},{"name":"host","value":"Mac"},{"name":"thread","value":"73688@Mac.main(1)"},{"name":"framework","value":"testng"},{"name":"language","value":"java"},{"name":"resultFormat","value":"allure2"}],"parameters":[{"name":"arg0","value":"\"To Test Login with valid cred's\""},{"name":"arg1","value":"\"From Page - To Test Login\""}],"links":[],"hidden":true,"retry":true,"extra":{"categories":[],"tags":[]},"source":"4d35f79b3126bf62.json","parameterValues":["\"To Test Login with valid cred's\"","\"From Page - To Test Login\""]}