{"uid":"65ae6ec56ce3d437","name":"Runs Cucumber Scenarios","fullName":"io.cucumber.testng.AbstractTestNGCucumberTests.runScenario","historyId":"f22af94c013d80fe1e0d5f60b0ec1a06","time":{"start":1764225556235,"stop":1764225573532,"duration":17297},"status":"failed","statusMessage":"Element not visible: //*[contains(text(),'QA Playground')]","statusTrace":"java.lang.AssertionError: Element not visible: //*[contains(text(),'QA Playground')]\n\tat utilze.selenium.waitForElementVisibility(selenium.java:37)\n\tat pages.FormPages.UserIsOnOverViewPage(FormPages.java:20)\n\tat steps.FormSteps.userShouldBeOnTheLoginPage(FormSteps.java:27)\n\tat âœ½.user should be on the login page(file:///Users/chinthalarohithkumar/Desktop/fixes/selenium/src/test/resources/features/Form.feature:15)\nCaused by: org.openqa.selenium.TimeoutException: Expected condition failed: waiting for visibility of element located by By.xpath: //*[contains(text(),'QA Playground')] (tried for 5 second(s) with 500 milliseconds interval)\nBuild info: version: '4.38.0', revision: '6b412e825c*'\nSystem info: os.name: 'Mac OS X', os.arch: 'aarch64', os.version: '26.0.1', java.version: '17.0.15'\nDriver info: org.openqa.selenium.chrome.ChromeDriver\nCapabilities {acceptInsecureCerts: false, browserName: chrome, browserVersion: 142.0.7444.176, chrome: {chromedriverVersion: 142.0.7444.175 (302067f14a4..., userDataDir: /var/folders/g8/0xwzbp6x6mg...}, fedcm:accounts: true, goog:chromeOptions: {debuggerAddress: localhost:58405}, goog:processID: 85742, networkConnectionEnabled: false, pageLoadStrategy: normal, platformName: mac, proxy: Proxy(), se:cdp: ws://localhost:58405/devtoo..., se:cdpVersion: 142.0.7444.176, setWindowRect: true, strictFileInteractability: false, timeouts: {implicit: 0, pageLoad: 300000, script: 30000}, unhandledPromptBehavior: dismiss and notify, webauthn:extension:credBlob: true, webauthn:extension:largeBlob: true, webauthn:extension:minPinLength: true, webauthn:extension:prf: true, webauthn:virtualAuthenticators: true}\nSession ID: b6c0b87257d8840ee42093201475a1e2\n\tat org.openqa.selenium.support.ui.WebDriverWait.timeoutException(WebDriverWait.java:84)\n\tat org.openqa.selenium.support.ui.FluentWait.until(FluentWait.java:228)\n\tat utilze.selenium.waitForElementVisibility(selenium.java:34)\n\t... 3 more\n","flaky":false,"newFailed":false,"newBroken":false,"newPassed":false,"retriesCount":0,"retriesStatusChange":false,"beforeStages":[{"name":"setUpClass","time":{"start":1764225556019,"stop":1764225556194,"duration":175},"description":"","status":"passed","steps":[],"attachments":[],"parameters":[],"stepsCount":0,"hasContent":false,"attachmentStep":false,"shouldDisplayMessage":false,"attachmentsCount":0}],"afterStages":[{"name":"tearDownClass","time":{"start":1764225573560,"stop":1764225573572,"duration":12},"description":"","status":"passed","steps":[],"attachments":[],"parameters":[],"stepsCount":0,"hasContent":false,"attachmentStep":false,"shouldDisplayMessage":false,"attachmentsCount":0}],"labels":[{"name":"package","value":"runner.CucumberRunnerTest"},{"name":"testClass","value":"runner.CucumberRunnerTest"},{"name":"testMethod","value":"runScenario"},{"name":"parentSuite","value":"Suite1"},{"name":"suite","value":"Test Result"},{"name":"subSuite","value":"runner.CucumberRunnerTest"},{"name":"host","value":"Mac"},{"name":"thread","value":"85739@Mac.main(1)"},{"name":"framework","value":"testng"},{"name":"language","value":"java"},{"name":"resultFormat","value":"allure2"}],"parameters":[{"name":"arg0","value":"\"To Test Login\""},{"name":"arg1","value":"\"From Page - To Test Form related thing's\""}],"links":[],"hidden":true,"retry":true,"extra":{"categories":[],"tags":[]},"source":"65ae6ec56ce3d437.json","parameterValues":["\"To Test Login\"","\"From Page - To Test Form related thing's\""]}