{"uid":"6737217dd92e267c","name":"Verify Buttons functionality","fullName":"src/test/resources/features/Elements/Buttons.feature:14","historyId":"d5cbd72da0ff9cb4229637973d185d65","time":{"start":1764292576170,"stop":1764292587817,"duration":11647},"status":"failed","statusMessage":"Expected URL to contain 'elements' but was: https://alphatestingplayground.vercel.app/","statusTrace":"java.lang.AssertionError: Expected URL to contain 'elements' but was: https://alphatestingplayground.vercel.app/\n\tat org.junit.Assert.fail(Assert.java:89)\n\tat org.junit.Assert.assertTrue(Assert.java:42)\n\tat pages.Elements.ButtonsPage.verifyOnElementsPage(ButtonsPage.java:52)\n\tat steps.Elements.ButtonsSteps.userShouldBeOnTheElementsPage(ButtonsSteps.java:18)\n\tat ✽.user should be on the Elements page(file:///Users/chinthalarohithkumar/Desktop/fixes/selenium/src/test/resources/features/Elements/Buttons.feature:11)\n","flaky":false,"newFailed":false,"newBroken":false,"newPassed":false,"retriesCount":5,"retriesStatusChange":true,"beforeStages":[{"name":"hooks.Hooks.setup()","time":{"start":1764292576174,"stop":1764292579531,"duration":3357},"status":"passed","steps":[],"attachments":[],"parameters":[],"stepsCount":0,"hasContent":false,"attachmentStep":false,"shouldDisplayMessage":false,"attachmentsCount":0}],"testStage":{"status":"failed","statusMessage":"Expected URL to contain 'elements' but was: https://alphatestingplayground.vercel.app/","statusTrace":"java.lang.AssertionError: Expected URL to contain 'elements' but was: https://alphatestingplayground.vercel.app/\n\tat org.junit.Assert.fail(Assert.java:89)\n\tat org.junit.Assert.assertTrue(Assert.java:42)\n\tat pages.Elements.ButtonsPage.verifyOnElementsPage(ButtonsPage.java:52)\n\tat steps.Elements.ButtonsSteps.userShouldBeOnTheElementsPage(ButtonsSteps.java:18)\n\tat ✽.user should be on the Elements page(file:///Users/chinthalarohithkumar/Desktop/fixes/selenium/src/test/resources/features/Elements/Buttons.feature:11)\n","steps":[{"name":"Given user should be on the HomePage","time":{"start":1764292579628,"stop":1764292579643,"duration":15},"status":"passed","steps":[],"attachments":[],"parameters":[],"stepsCount":0,"hasContent":false,"attachmentStep":false,"shouldDisplayMessage":false,"attachmentsCount":0},{"name":"When user enter the \"valid\" Email in the Email Address field","time":{"start":1764292579644,"stop":1764292579764,"duration":120},"status":"passed","steps":[],"attachments":[],"parameters":[],"stepsCount":0,"hasContent":false,"attachmentStep":false,"shouldDisplayMessage":false,"attachmentsCount":0},{"name":"And user enter the \"valid\" password in the password field","time":{"start":1764292579765,"stop":1764292579808,"duration":43},"status":"passed","steps":[],"attachments":[],"parameters":[],"stepsCount":0,"hasContent":false,"attachmentStep":false,"shouldDisplayMessage":false,"attachmentsCount":0},{"name":"And click on the login button","time":{"start":1764292579808,"stop":1764292579862,"duration":54},"status":"passed","steps":[],"attachments":[],"parameters":[],"stepsCount":0,"hasContent":false,"attachmentStep":false,"shouldDisplayMessage":false,"attachmentsCount":0},{"name":"Then user should land on the overview page","time":{"start":1764292579862,"stop":1764292582452,"duration":2590},"status":"passed","steps":[],"attachments":[],"parameters":[],"stepsCount":0,"hasContent":false,"attachmentStep":false,"shouldDisplayMessage":false,"attachmentsCount":0},{"name":"When user clicks on the \"Elements\" link in the sidebar","time":{"start":1764292582454,"stop":1764292587630,"duration":5176},"status":"passed","steps":[],"attachments":[],"parameters":[],"stepsCount":0,"hasContent":false,"attachmentStep":false,"shouldDisplayMessage":false,"attachmentsCount":0},{"name":"Then user should be on the Elements page","time":{"start":1764292587645,"stop":1764292587694,"duration":49},"status":"failed","statusMessage":"Expected URL to contain 'elements' but was: https://alphatestingplayground.vercel.app/","statusTrace":"java.lang.AssertionError: Expected URL to contain 'elements' but was: https://alphatestingplayground.vercel.app/\n\tat org.junit.Assert.fail(Assert.java:89)\n\tat org.junit.Assert.assertTrue(Assert.java:42)\n\tat pages.Elements.ButtonsPage.verifyOnElementsPage(ButtonsPage.java:52)\n\tat steps.Elements.ButtonsSteps.userShouldBeOnTheElementsPage(ButtonsSteps.java:18)\n\tat ✽.user should be on the Elements page(file:///Users/chinthalarohithkumar/Desktop/fixes/selenium/src/test/resources/features/Elements/Buttons.feature:11)\n","steps":[],"attachments":[],"parameters":[],"stepsCount":0,"hasContent":true,"attachmentStep":false,"shouldDisplayMessage":true,"attachmentsCount":0},{"name":"When user clicks on the \"Primary\" button","time":{"start":1764292587695,"stop":1764292587696,"duration":1},"status":"skipped","steps":[],"attachments":[],"parameters":[],"stepsCount":0,"hasContent":false,"attachmentStep":false,"shouldDisplayMessage":false,"attachmentsCount":0},{"name":"Then user should see a click confirmation","time":{"start":1764292587696,"stop":1764292587696,"duration":0},"status":"skipped","steps":[],"attachments":[],"parameters":[],"stepsCount":0,"hasContent":false,"attachmentStep":false,"shouldDisplayMessage":false,"attachmentsCount":0},{"name":"When user clicks on the \"Secondary\" button","time":{"start":1764292587696,"stop":1764292587696,"duration":0},"status":"skipped","steps":[],"attachments":[],"parameters":[],"stepsCount":0,"hasContent":false,"attachmentStep":false,"shouldDisplayMessage":false,"attachmentsCount":0},{"name":"Then user should see a click confirmation","time":{"start":1764292587696,"stop":1764292587696,"duration":0},"status":"skipped","steps":[],"attachments":[],"parameters":[],"stepsCount":0,"hasContent":false,"attachmentStep":false,"shouldDisplayMessage":false,"attachmentsCount":0}],"attachments":[],"parameters":[],"stepsCount":11,"hasContent":true,"attachmentStep":false,"shouldDisplayMessage":false,"attachmentsCount":0},"afterStages":[{"name":"hooks.Hooks.teardown()","time":{"start":1764292587697,"stop":1764292587813,"duration":116},"status":"passed","steps":[],"attachments":[],"parameters":[],"stepsCount":0,"hasContent":false,"attachmentStep":false,"shouldDisplayMessage":false,"attachmentsCount":0}],"labels":[{"name":"tag","value":"ElementsPage"},{"name":"tag","value":"Buttons"},{"name":"host","value":"Mac"},{"name":"thread","value":"23490@Mac.main(1)"},{"name":"feature","value":"Elements Page - Buttons and Alerts"},{"name":"story","value":"Verify Buttons functionality"},{"name":"suite","value":"Elements Page - Buttons and Alerts"},{"name":"testClass","value":"Verify Buttons functionality"},{"name":"framework","value":"cucumber4jvm"},{"name":"language","value":"java"},{"name":"gherkin_uri","value":"file:///Users/chinthalarohithkumar/Desktop/fixes/selenium/src/test/resources/features/Elements/Buttons.feature"},{"name":"package","value":"src.test.resources.features.Elements.Buttons_feature.Elements Page - Buttons and Alerts"},{"name":"resultFormat","value":"allure2"}],"parameters":[],"links":[],"hidden":false,"retry":false,"extra":{"severity":"normal","retries":[{"uid":"f852742a4763177b","status":"failed","statusDetails":"Expected URL to contain 'elements' but was: https://alphatestingplayground.vercel.app/","time":{"start":1764292535061,"stop":1764292541357,"duration":6296}},{"uid":"3df3213df5f70628","status":"broken","statusDetails":"no such element: Unable to locate element: {\"method\":\"xpath\",\"selector\":\"//span[contains(text(), 'Elements')]\"}\n  (Session info: chrome=142.0.7444.176)\nFor documentation on this error, please visit: https://www.selenium.dev/documentation/webdriver/troubleshooting/errors#nosuchelementexception\nBuild info: version: '4.38.0', revision: '6b412e825c*'\nSystem info: os.name: 'Mac OS X', os.arch: 'aarch64', os.version: '26.0.1', java.version: '17.0.15'\nDriver info: org.openqa.selenium.chrome.ChromeDriver\nCommand: [f132290f6d61e1d021093efab6ea595a, findElement {using=xpath, value=//span[contains(text(), 'Elements')]}]\nCapabilities {acceptInsecureCerts: false, browserName: chrome, browserVersion: 142.0.7444.176, chrome: {chromedriverVersion: 142.0.7444.175 (302067f14a4..., userDataDir: /var/folders/g8/0xwzbp6x6mg...}, fedcm:accounts: true, goog:chromeOptions: {debuggerAddress: localhost:64686}, goog:processID: 22408, networkConnectionEnabled: false, pageLoadStrategy: normal, platformName: mac, proxy: Proxy(), se:cdp: ws://localhost:64686/devtoo..., se:cdpVersion: 142.0.7444.176, setWindowRect: true, strictFileInteractability: false, timeouts: {implicit: 0, pageLoad: 300000, script: 30000}, unhandledPromptBehavior: dismiss and notify, webauthn:extension:credBlob: true, webauthn:extension:largeBlob: true, webauthn:extension:minPinLength: true, webauthn:extension:prf: true, webauthn:virtualAuthenticators: true}\nSession ID: f132290f6d61e1d021093efab6ea595a","time":{"start":1764292457060,"stop":1764292479339,"duration":22279}},{"uid":"53021c7aa203444d","status":"failed","statusDetails":"Expected URL to contain 'elements' but was: https://alphatestingplayground.vercel.app/","time":{"start":1764292407343,"stop":1764292414905,"duration":7562}},{"uid":"e85ee0f9a48ae04b","status":"failed","statusDetails":"java.lang.AssertionError","time":{"start":1764292361559,"stop":1764292368586,"duration":7027}},{"uid":"fa0556f64d77b3fd","status":"broken","statusDetails":"no such element: Unable to locate element: {\"method\":\"xpath\",\"selector\":\"//a[contains(text(), 'Elements')]\"}\n  (Session info: chrome=142.0.7444.176)\nFor documentation on this error, please visit: https://www.selenium.dev/documentation/webdriver/troubleshooting/errors#nosuchelementexception\nBuild info: version: '4.38.0', revision: '6b412e825c*'\nSystem info: os.name: 'Mac OS X', os.arch: 'aarch64', os.version: '26.0.1', java.version: '17.0.15'\nDriver info: org.openqa.selenium.chrome.ChromeDriver\nCommand: [dccb8fa27d9c687e3ae2ef1468b89439, findElement {value=//a[contains(text(), 'Elements')], using=xpath}]\nCapabilities {acceptInsecureCerts: false, browserName: chrome, browserVersion: 142.0.7444.176, chrome: {chromedriverVersion: 142.0.7444.175 (302067f14a4..., userDataDir: /var/folders/g8/0xwzbp6x6mg...}, fedcm:accounts: true, goog:chromeOptions: {debuggerAddress: localhost:64463}, goog:processID: 20775, networkConnectionEnabled: false, pageLoadStrategy: normal, platformName: mac, proxy: Proxy(), se:cdp: ws://localhost:64463/devtoo..., se:cdpVersion: 142.0.7444.176, setWindowRect: true, strictFileInteractability: false, timeouts: {implicit: 0, pageLoad: 300000, script: 30000}, unhandledPromptBehavior: dismiss and notify, webauthn:extension:credBlob: true, webauthn:extension:largeBlob: true, webauthn:extension:minPinLength: true, webauthn:extension:prf: true, webauthn:virtualAuthenticators: true}\nSession ID: dccb8fa27d9c687e3ae2ef1468b89439","time":{"start":1764292256531,"stop":1764292268626,"duration":12095}}],"categories":[{"name":"Product defects","matchedStatuses":[]}],"tags":["Buttons","ElementsPage"]},"source":"6737217dd92e267c.json","parameterValues":[]}