{"uid":"8bf895e69fe2afd8","name":"Verify Alerts functionality","fullName":"src/test/resources/features/Elements/Buttons.feature:21","historyId":"49b354dc6c44ae56dff76c63e239d5d2","time":{"start":1764292587849,"stop":1764292599371,"duration":11522},"status":"failed","statusMessage":"Expected URL to contain 'elements' but was: https://alphatestingplayground.vercel.app/","statusTrace":"java.lang.AssertionError: Expected URL to contain 'elements' but was: https://alphatestingplayground.vercel.app/\n\tat org.junit.Assert.fail(Assert.java:89)\n\tat org.junit.Assert.assertTrue(Assert.java:42)\n\tat pages.Elements.ButtonsPage.verifyOnElementsPage(ButtonsPage.java:52)\n\tat steps.Elements.ButtonsSteps.userShouldBeOnTheElementsPage(ButtonsSteps.java:18)\n\tat ✽.user should be on the Elements page(file:///Users/chinthalarohithkumar/Desktop/fixes/selenium/src/test/resources/features/Elements/Buttons.feature:11)\n","flaky":false,"newFailed":false,"newBroken":false,"newPassed":false,"retriesCount":5,"retriesStatusChange":true,"beforeStages":[{"name":"hooks.Hooks.setup()","time":{"start":1764292587850,"stop":1764292590229,"duration":2379},"status":"passed","steps":[],"attachments":[],"parameters":[],"stepsCount":0,"hasContent":false,"attachmentStep":false,"shouldDisplayMessage":false,"attachmentsCount":0}],"testStage":{"status":"failed","statusMessage":"Expected URL to contain 'elements' but was: https://alphatestingplayground.vercel.app/","statusTrace":"java.lang.AssertionError: Expected URL to contain 'elements' but was: https://alphatestingplayground.vercel.app/\n\tat org.junit.Assert.fail(Assert.java:89)\n\tat org.junit.Assert.assertTrue(Assert.java:42)\n\tat pages.Elements.ButtonsPage.verifyOnElementsPage(ButtonsPage.java:52)\n\tat steps.Elements.ButtonsSteps.userShouldBeOnTheElementsPage(ButtonsSteps.java:18)\n\tat ✽.user should be on the Elements page(file:///Users/chinthalarohithkumar/Desktop/fixes/selenium/src/test/resources/features/Elements/Buttons.feature:11)\n","steps":[{"name":"Given user should be on the HomePage","time":{"start":1764292590235,"stop":1764292591095,"duration":860},"status":"passed","steps":[],"attachments":[],"parameters":[],"stepsCount":0,"hasContent":false,"attachmentStep":false,"shouldDisplayMessage":false,"attachmentsCount":0},{"name":"When user enter the \"valid\" Email in the Email Address field","time":{"start":1764292591097,"stop":1764292591243,"duration":146},"status":"passed","steps":[],"attachments":[],"parameters":[],"stepsCount":0,"hasContent":false,"attachmentStep":false,"shouldDisplayMessage":false,"attachmentsCount":0},{"name":"And user enter the \"valid\" password in the password field","time":{"start":1764292591245,"stop":1764292591277,"duration":32},"status":"passed","steps":[],"attachments":[],"parameters":[],"stepsCount":0,"hasContent":false,"attachmentStep":false,"shouldDisplayMessage":false,"attachmentsCount":0},{"name":"And click on the login button","time":{"start":1764292591278,"stop":1764292591328,"duration":50},"status":"passed","steps":[],"attachments":[],"parameters":[],"stepsCount":0,"hasContent":false,"attachmentStep":false,"shouldDisplayMessage":false,"attachmentsCount":0},{"name":"Then user should land on the overview page","time":{"start":1764292591328,"stop":1764292593963,"duration":2635},"status":"passed","steps":[],"attachments":[],"parameters":[],"stepsCount":0,"hasContent":false,"attachmentStep":false,"shouldDisplayMessage":false,"attachmentsCount":0},{"name":"When user clicks on the \"Elements\" link in the sidebar","time":{"start":1764292593965,"stop":1764292599156,"duration":5191},"status":"passed","steps":[],"attachments":[],"parameters":[],"stepsCount":0,"hasContent":false,"attachmentStep":false,"shouldDisplayMessage":false,"attachmentsCount":0},{"name":"Then user should be on the Elements page","time":{"start":1764292599167,"stop":1764292599181,"duration":14},"status":"failed","statusMessage":"Expected URL to contain 'elements' but was: https://alphatestingplayground.vercel.app/","statusTrace":"java.lang.AssertionError: Expected URL to contain 'elements' but was: https://alphatestingplayground.vercel.app/\n\tat org.junit.Assert.fail(Assert.java:89)\n\tat org.junit.Assert.assertTrue(Assert.java:42)\n\tat pages.Elements.ButtonsPage.verifyOnElementsPage(ButtonsPage.java:52)\n\tat steps.Elements.ButtonsSteps.userShouldBeOnTheElementsPage(ButtonsSteps.java:18)\n\tat ✽.user should be on the Elements page(file:///Users/chinthalarohithkumar/Desktop/fixes/selenium/src/test/resources/features/Elements/Buttons.feature:11)\n","steps":[],"attachments":[],"parameters":[],"stepsCount":0,"hasContent":true,"attachmentStep":false,"shouldDisplayMessage":true,"attachmentsCount":0},{"name":"When user clicks on the \"Show Alert\" button","time":{"start":1764292599186,"stop":1764292599186,"duration":0},"status":"skipped","steps":[],"attachments":[],"parameters":[],"stepsCount":0,"hasContent":false,"attachmentStep":false,"shouldDisplayMessage":false,"attachmentsCount":0},{"name":"Then an alert should appear with text \"This is an alert!\"","time":{"start":1764292599186,"stop":1764292599187,"duration":1},"status":"skipped","steps":[],"attachments":[],"parameters":[],"stepsCount":0,"hasContent":false,"attachmentStep":false,"shouldDisplayMessage":false,"attachmentsCount":0}],"attachments":[],"parameters":[],"stepsCount":9,"hasContent":true,"attachmentStep":false,"shouldDisplayMessage":false,"attachmentsCount":0},"afterStages":[{"name":"hooks.Hooks.teardown()","time":{"start":1764292599187,"stop":1764292599367,"duration":180},"status":"passed","steps":[],"attachments":[],"parameters":[],"stepsCount":0,"hasContent":false,"attachmentStep":false,"shouldDisplayMessage":false,"attachmentsCount":0}],"labels":[{"name":"tag","value":"ElementsPage"},{"name":"tag","value":"Alerts"},{"name":"host","value":"Mac"},{"name":"thread","value":"23490@Mac.main(1)"},{"name":"feature","value":"Elements Page - Buttons and Alerts"},{"name":"story","value":"Verify Alerts functionality"},{"name":"suite","value":"Elements Page - Buttons and Alerts"},{"name":"testClass","value":"Verify Alerts functionality"},{"name":"framework","value":"cucumber4jvm"},{"name":"language","value":"java"},{"name":"gherkin_uri","value":"file:///Users/chinthalarohithkumar/Desktop/fixes/selenium/src/test/resources/features/Elements/Buttons.feature"},{"name":"package","value":"src.test.resources.features.Elements.Buttons_feature.Elements Page - Buttons and Alerts"},{"name":"resultFormat","value":"allure2"}],"parameters":[],"links":[],"hidden":false,"retry":false,"extra":{"severity":"normal","retries":[{"uid":"9be88218255c7e40","status":"failed","statusDetails":"Expected URL to contain 'elements' but was: https://alphatestingplayground.vercel.app/","time":{"start":1764292541371,"stop":1764292545878,"duration":4507}},{"uid":"4406ae4d2b0c2c32","status":"broken","statusDetails":"no such element: Unable to locate element: {\"method\":\"xpath\",\"selector\":\"//span[contains(text(), 'Elements')]\"}\n  (Session info: chrome=142.0.7444.176)\nFor documentation on this error, please visit: https://www.selenium.dev/documentation/webdriver/troubleshooting/errors#nosuchelementexception\nBuild info: version: '4.38.0', revision: '6b412e825c*'\nSystem info: os.name: 'Mac OS X', os.arch: 'aarch64', os.version: '26.0.1', java.version: '17.0.15'\nDriver info: org.openqa.selenium.chrome.ChromeDriver\nCommand: [a360b524b058abc7825d438095b019c5, findElement {using=xpath, value=//span[contains(text(), 'Elements')]}]\nCapabilities {acceptInsecureCerts: false, browserName: chrome, browserVersion: 142.0.7444.176, chrome: {chromedriverVersion: 142.0.7444.175 (302067f14a4..., userDataDir: /var/folders/g8/0xwzbp6x6mg...}, fedcm:accounts: true, goog:chromeOptions: {debuggerAddress: localhost:64724}, goog:processID: 22531, networkConnectionEnabled: false, pageLoadStrategy: normal, platformName: mac, proxy: Proxy(), se:cdp: ws://localhost:64724/devtoo..., se:cdpVersion: 142.0.7444.176, setWindowRect: true, strictFileInteractability: false, timeouts: {implicit: 0, pageLoad: 300000, script: 30000}, unhandledPromptBehavior: dismiss and notify, webauthn:extension:credBlob: true, webauthn:extension:largeBlob: true, webauthn:extension:minPinLength: true, webauthn:extension:prf: true, webauthn:virtualAuthenticators: true}\nSession ID: a360b524b058abc7825d438095b019c5","time":{"start":1764292479366,"stop":1764292499652,"duration":20286}},{"uid":"51cc81965d7bea3d","status":"failed","statusDetails":"Expected URL to contain 'elements' but was: https://alphatestingplayground.vercel.app/","time":{"start":1764292414925,"stop":1764292419329,"duration":4404}},{"uid":"22a0b41b96b48b24","status":"failed","statusDetails":"java.lang.AssertionError","time":{"start":1764292368604,"stop":1764292373419,"duration":4815}},{"uid":"48374fb4ad3c693f","status":"broken","statusDetails":"no such element: Unable to locate element: {\"method\":\"xpath\",\"selector\":\"//a[contains(text(), 'Elements')]\"}\n  (Session info: chrome=142.0.7444.176)\nFor documentation on this error, please visit: https://www.selenium.dev/documentation/webdriver/troubleshooting/errors#nosuchelementexception\nBuild info: version: '4.38.0', revision: '6b412e825c*'\nSystem info: os.name: 'Mac OS X', os.arch: 'aarch64', os.version: '26.0.1', java.version: '17.0.15'\nDriver info: org.openqa.selenium.chrome.ChromeDriver\nCommand: [07fadb509d1edb99a6be13ff5f8f9bda, findElement {value=//a[contains(text(), 'Elements')], using=xpath}]\nCapabilities {acceptInsecureCerts: false, browserName: chrome, browserVersion: 142.0.7444.176, chrome: {chromedriverVersion: 142.0.7444.175 (302067f14a4..., userDataDir: /var/folders/g8/0xwzbp6x6mg...}, fedcm:accounts: true, goog:chromeOptions: {debuggerAddress: localhost:64487}, goog:processID: 20826, networkConnectionEnabled: false, pageLoadStrategy: normal, platformName: mac, proxy: Proxy(), se:cdp: ws://localhost:64487/devtoo..., se:cdpVersion: 142.0.7444.176, setWindowRect: true, strictFileInteractability: false, timeouts: {implicit: 0, pageLoad: 300000, script: 30000}, unhandledPromptBehavior: dismiss and notify, webauthn:extension:credBlob: true, webauthn:extension:largeBlob: true, webauthn:extension:minPinLength: true, webauthn:extension:prf: true, webauthn:virtualAuthenticators: true}\nSession ID: 07fadb509d1edb99a6be13ff5f8f9bda","time":{"start":1764292268643,"stop":1764292278566,"duration":9923}}],"categories":[{"name":"Product defects","matchedStatuses":[]}],"tags":["Alerts","ElementsPage"]},"source":"8bf895e69fe2afd8.json","parameterValues":[]}