{"uid":"92acf87a94ddaade","name":"Runs Cucumber Scenarios","fullName":"io.cucumber.testng.AbstractTestNGCucumberTests.runScenario","historyId":"206442cf8bfe1c075679d9838f1c9866","time":{"start":1764245710666,"stop":1764245721780,"duration":11114},"status":"failed","statusMessage":"java.lang.AssertionError","statusTrace":"java.lang.AssertionError\n\tat org.junit.Assert.fail(Assert.java:87)\n\tat org.junit.Assert.assertTrue(Assert.java:42)\n\tat org.junit.Assert.assertTrue(Assert.java:53)\n\tat pages.HomePage.Login.validateErrorMessage(Login.java:74)\n\tat steps.Login.LoginSteps.userShouldSeeTheErrorMessage(LoginSteps.java:40)\n\tat âœ½.user should see the error message \"Password is required\"(file:///Users/chinthalarohithkumar/Desktop/fixes/selenium/src/test/resources/features/HomePage/Login.feature:30)\n","flaky":false,"newFailed":false,"newBroken":false,"newPassed":false,"retriesCount":0,"retriesStatusChange":false,"beforeStages":[{"name":"setUpClass","time":{"start":1764245710422,"stop":1764245710611,"duration":189},"description":"","status":"passed","steps":[],"attachments":[],"parameters":[],"stepsCount":0,"hasContent":false,"attachmentStep":false,"shouldDisplayMessage":false,"attachmentsCount":0}],"afterStages":[{"name":"tearDownClass","time":{"start":1764245721813,"stop":1764245721824,"duration":11},"description":"","status":"passed","steps":[],"attachments":[],"parameters":[],"stepsCount":0,"hasContent":false,"attachmentStep":false,"shouldDisplayMessage":false,"attachmentsCount":0}],"labels":[{"name":"package","value":"runner.CucumberRunnerTest"},{"name":"testClass","value":"runner.CucumberRunnerTest"},{"name":"testMethod","value":"runScenario"},{"name":"parentSuite","value":"Suite1"},{"name":"suite","value":"Test Result"},{"name":"subSuite","value":"runner.CucumberRunnerTest"},{"name":"host","value":"Mac"},{"name":"thread","value":"72992@Mac.main(1)"},{"name":"framework","value":"testng"},{"name":"language","value":"java"},{"name":"resultFormat","value":"allure2"}],"parameters":[{"name":"arg0","value":"\"To Test Login with valid cred's\""},{"name":"arg1","value":"\"From Page - To Test Login\""}],"links":[],"hidden":true,"retry":true,"extra":{"categories":[],"tags":[]},"source":"92acf87a94ddaade.json","parameterValues":["\"To Test Login with valid cred's\"","\"From Page - To Test Login\""]}